-------------------------------------------------------------------------------
Test set: stepsDefinition.TestRunner
-------------------------------------------------------------------------------
Tests run: 2, Failures: 0, Errors: 1, Skipped: 0, Time elapsed: 16.067 s <<< FAILURE! - in stepsDefinition.TestRunner
vlid google search is working(FEature to test google search functionality)  Time elapsed: 13.882 s  <<< ERROR!
io.cucumber.java.PendingException: TODO: implement me

